
=== Wed May 27 14:48:17 2020

Packages were changed.
Update Mode: mergeDefaultDependencies

The following packages were added:
  com.unity.xr.management@3.0.3
The following packages were updated:
  com.unity.ide.rider from version 1.0.8 to 1.1.0
  com.unity.ide.vscode from version 1.0.7 to 1.1.2
  com.unity.test-framework from version 1.0.17 to 1.1.3
  com.unity.timeline from version 1.1.0 to 1.2.3

=== Fri May 29 08:30:49 2020

Packages were changed.
Update Mode: updateDependencies

The following packages were added:
  com.unity.ide.visualstudio@2.0.0
The following packages were updated:
  com.unity.render-pipelines.universal from version 7.0.1 to 8.0.1
  com.unity.textmeshpro from version 2.0.1 to 3.0.0-preview.1

=== Mon Jun  1 13:29:10 2020

Packages were changed.
Update Mode: updateDependencies

The following packages were updated:
  com.unity.ide.visualstudio from version 2.0.0 to 2.0.1
  com.unity.render-pipelines.universal from version 8.0.1 to 8.1.0
